<?xml version="1.0" encoding="UTF-8"?>
<testng-results ignored="0" total="1" passed="1" failed="0" skipped="0">
  <reporter-output>
  </reporter-output>
  <suite started-at="2024-09-18T20:02:57 IST" name="Default suite" finished-at="2024-09-18T20:02:58 IST" duration-ms="462">
    <groups>
    </groups>
    <test started-at="2024-09-18T20:02:57 IST" name="Default test" finished-at="2024-09-18T20:02:58 IST" duration-ms="462">
      <class name="FakerData.Test0">
        <test-method signature="testGenerateDummyData()[pri:0, instance:FakerData.Test0@2362f559]" started-at="2024-09-18T20:02:57 IST" name="testGenerateDummyData" finished-at="2024-09-18T20:02:58 IST" duration-ms="350" status="PASS">
          <reporter-output>
          </reporter-output>
        </test-method> <!-- testGenerateDummyData -->
      </class> <!-- FakerData.Test0 -->
    </test> <!-- Default test -->
  </suite> <!-- Default suite -->
</testng-results>
